<?xml version="1.0" encoding="UTF-8"?>
<testng-results skipped="0" failed="0" ignored="0" total="1" passed="1">
  <reporter-output>
  </reporter-output>
  <suite name="Default suite" duration-ms="11134" started-at="2017-07-24T09:13:37Z" finished-at="2017-07-24T09:13:48Z">
    <groups>
    </groups>
    <test name="Default test" duration-ms="11134" started-at="2017-07-24T09:13:37Z" finished-at="2017-07-24T09:13:48Z">
      <class name="TestSuit.TC1ApplicationTitleVerification">
        <test-method status="PASS" signature="validatetittle()[pri:0, instance:TestSuit.TC1ApplicationTitleVerification@f6c48ac]" name="validatetittle" duration-ms="11101" started-at="2017-07-24T14:43:37Z" finished-at="2017-07-24T14:43:48Z">
          <reporter-output>
          </reporter-output>
        </test-method> <!-- validatetittle -->
      </class> <!-- TestSuit.TC1ApplicationTitleVerification -->
    </test> <!-- Default test -->
  </suite> <!-- Default suite -->
</testng-results>
